Using pre-set license
Built from '2020.3/staging' branch; Version is '2020.3.16f1 (049d6eca3c44) revision 302446'; Using compiler version '192528614'; Build Type 'Release'
OS: 'Windows 10 Pro; OS build 19044.1766; Version 2009; 64bit' Language: 'ru' Physical Memory: 16257 MB
BatchMode: 1, IsHumanControllingUs: 0, StartBugReporterOnCrash: 0, Is64bit: 1, IsPro: 0

 COMMAND LINE ARGUMENTS:
G:\2020.3.16f1\Editor\Unity.exe
-adb2
-batchMode
-noUpm
-name
AssetImportWorker0
-projectPath
G:/BobusDayGitHub
-logFile
Logs/AssetImportWorker0.log
-srvPort
55209
Successfully changed project path to: G:/BobusDayGitHub
G:/BobusDayGitHub
Using Asset Import Pipeline V2.
Refreshing native plugins compatible for Editor in 99.00 ms, found 4 plugins.
Preloading 0 native plugins for Editor in 0.00 ms.
Initialize engine version: 2020.3.16f1 (049d6eca3c44)
[Subsystems] Discovering subsystems at path G:/2020.3.16f1/Editor/Data/Resources/UnitySubsystems
[Subsystems] Discovering subsystems at path G:/BobusDayGitHub/Assets
GfxDevice: creating device client; threaded=0
Direct3D:
    Version:  Direct3D 11.0 [level 11.1]
    Renderer: NVIDIA GeForce GTX 1050 Ti (ID=0x1c82)
    Vendor:   
    VRAM:     4018 MB
    Driver:   30.0.15.1277
Shader 'MoreMountains/MMRipple': fallback shader 'Particle/AlphaBlended' not found
Initialize mono
Mono path[0] = 'G:/2020.3.16f1/Editor/Data/Managed'
Mono path[1] = 'G:/2020.3.16f1/Editor/Data/MonoBleedingEdge/lib/mono/unityjit'
Mono config path = 'G:/2020.3.16f1/Editor/Data/MonoBleedingEdge/etc'
Using monoOptions --debugger-agent=transport=dt_socket,embedding=1,server=y,suspend=n,address=127.0.0.1:56792
Begin MonoManager ReloadAssembly
Registering precompiled unity dll's ...
Register platform support module: G:/2020.3.16f1/Editor/Data/PlaybackEngines/WebGLSupport/UnityEditor.WebGL.Extensions.dll
Register platform support module: G:/2020.3.16f1/Editor/Data/PlaybackEngines/MacStandaloneSupport/UnityEditor.OSXStandalone.Extensions.dll
Register platform support module: G:/2020.3.16f1/Editor/Data/PlaybackEngines/WindowsStandaloneSupport/UnityEditor.WindowsStandalone.Extensions.dll
Register platform support module: G:/2020.3.16f1/Editor/Data/PlaybackEngines/LinuxStandaloneSupport/UnityEditor.LinuxStandalone.Extensions.dll
Registered in 0.001904 seconds.
Native extension for LinuxStandalone target not found
Native extension for WindowsStandalone target not found
Native extension for OSXStandalone target not found
Native extension for WebGL target not found
Refreshing native plugins compatible for Editor in 95.05 ms, found 4 plugins.
Preloading 0 native plugins for Editor in 0.00 ms.
Mono: successfully reloaded assembly
- Completed reload, in  2.055 seconds
Domain Reload Profiling:
	ReloadAssembly (2055ms)
		BeginReloadAssembly (51ms)
			ExecutionOrderSort (0ms)
			DisableScriptedObjects (0ms)
			BackupInstance (0ms)
			ReleaseScriptingObjects (0ms)
			CreateAndSetChildDomain (1ms)
		EndReloadAssembly (506ms)
			LoadAssemblies (50ms)
			RebuildTransferFunctionScriptingTraits (0ms)
			SetupTypeCache (165ms)
			ReleaseScriptCaches (0ms)
			RebuildScriptCaches (30ms)
			SetupLoadedEditorAssemblies (227ms)
				LogAssemblyErrors (0ms)
				InitializePlatformSupportModulesInManaged (6ms)
				SetLoadedEditorAssemblies (0ms)
				RefreshPlugins (95ms)
				BeforeProcessingInitializeOnLoad (18ms)
				ProcessInitializeOnLoadAttributes (80ms)
				ProcessInitializeOnLoadMethodAttributes (27ms)
				AfterProcessingInitializeOnLoad (0ms)
				EditorAssembliesLoaded (0ms)
			ExecutionOrderSort2 (0ms)
			AwakeInstancesAfterBackupRestoration (0ms)
Platform modules already initialized, skipping
Registering precompiled user dll's ...
Registered in 0.005311 seconds.
Begin MonoManager ReloadAssembly
Native extension for LinuxStandalone target not found
Native extension for WindowsStandalone target not found
Native extension for OSXStandalone target not found
Native extension for WebGL target not found
Refreshing native plugins compatible for Editor in 1.17 ms, found 4 plugins.
Preloading 0 native plugins for Editor in 0.00 ms.
Mono: successfully reloaded assembly
- Completed reload, in  1.275 seconds
Domain Reload Profiling:
	ReloadAssembly (1276ms)
		BeginReloadAssembly (148ms)
			ExecutionOrderSort (0ms)
			DisableScriptedObjects (4ms)
			BackupInstance (0ms)
			ReleaseScriptingObjects (0ms)
			CreateAndSetChildDomain (20ms)
		EndReloadAssembly (1069ms)
			LoadAssemblies (100ms)
			RebuildTransferFunctionScriptingTraits (0ms)
			SetupTypeCache (349ms)
			ReleaseScriptCaches (1ms)
			RebuildScriptCaches (85ms)
			SetupLoadedEditorAssemblies (441ms)
				LogAssemblyErrors (0ms)
				InitializePlatformSupportModulesInManaged (8ms)
				SetLoadedEditorAssemblies (0ms)
				RefreshPlugins (1ms)
				BeforeProcessingInitializeOnLoad (89ms)
				ProcessInitializeOnLoadAttributes (322ms)
				ProcessInitializeOnLoadMethodAttributes (18ms)
				AfterProcessingInitializeOnLoad (2ms)
				EditorAssembliesLoaded (0ms)
			ExecutionOrderSort2 (0ms)
			AwakeInstancesAfterBackupRestoration (7ms)
Platform modules already initialized, skipping
========================================================================
Worker process is ready to serve import requests
Shader 'MoreMountains/MMRipple': fallback shader 'Particle/AlphaBlended' not found
Launched and connected shader compiler UnityShaderCompiler.exe after 0.05 seconds
Refreshing native plugins compatible for Editor in 1.16 ms, found 4 plugins.
Preloading 0 native plugins for Editor in 0.00 ms.
Unloading 2834 Unused Serialized files (Serialized files now loaded: 0)
System memory in use before: 194.3 MB.
System memory in use after: 194.5 MB.

Unloading 76 unused Assets to reduce memory usage. Loaded Objects now: 3222.
Total: 4.127000 ms (FindLiveObjects: 0.332100 ms CreateObjectMapping: 0.200600 ms MarkObjects: 3.459000 ms  DeleteObjects: 0.133800 ms)

AssetImportParameters requested are different than current active one (requested -> active):
  custom:framework-win-MediaFoundation: 216162199b28c13a410421893ffa2e32 -> 
  custom:video-decoder-ogg-theora: a1e56fd34408186e4bbccfd4996cb3dc -> 
  custom:container-muxer-webm: aa71ff27fc2769a1b78a27578f13a17b -> 
  custom:container-demuxer-webm: 4f35f7cbe854078d1ac9338744f61a02 -> 
  custom:container-demuxer-ogg: 62fdf1f143b41e24485cea50d1cbac27 -> 
  custom:video-encoder-webm-vp8: eb34c28f22e8b96e1ab97ce403110664 -> 
  custom:video-decoder-webm-vp8: 9c59270c3fd7afecdb556c50c9e8de78 -> 
  custom:audio-decoder-ogg-vorbis: bf7c407c2cedff20999df2af8eb42d56 -> 
  custom:audio-encoder-webm-vorbis: bf7c407c2cedff20999df2af8eb42d56 -> 
========================================================================
Received Import Request.
  path: Assets/A_PIONNER/rays_4_mostBlurred.png
  artifactKey: Guid(9a0b4793be7d2884eb8ab72aa68ff795) Importer(815301076,1909f56bfc062723c751e8b465ee728b)
Start importing Assets/A_PIONNER/rays_4_mostBlurred.png using Guid(9a0b4793be7d2884eb8ab72aa68ff795) Importer(815301076,1909f56bfc062723c751e8b465ee728b)  -> (artifact id: '321b578d90896370aab9e8a4af461241') in 0.129994 seconds 
  Import took 0.134966 seconds .

========================================================================
Received Import Request.
  Time since last request: 0.000293 seconds.
  path: Assets/A_PIONNER/lighthouse_light_0001_1.png
  artifactKey: Guid(f3ad83c8c8da628458bdef42ddf3bbb4) Importer(815301076,1909f56bfc062723c751e8b465ee728b)
Start importing Assets/A_PIONNER/lighthouse_light_0001_1.png using Guid(f3ad83c8c8da628458bdef42ddf3bbb4) Importer(815301076,1909f56bfc062723c751e8b465ee728b)  -> (artifact id: 'edc9a8b9f9f833c094fa98288eced7d0') in 0.040640 seconds 
  Import took 0.045651 seconds .

========================================================================
Received Import Request.
  Time since last request: 0.000294 seconds.
  path: Assets/A_PIONNER/rays_2_moreBlurred.png
  artifactKey: Guid(46e97be4275f81a4cbe3da7e0dd5e45b) Importer(815301076,1909f56bfc062723c751e8b465ee728b)
Start importing Assets/A_PIONNER/rays_2_moreBlurred.png using Guid(46e97be4275f81a4cbe3da7e0dd5e45b) Importer(815301076,1909f56bfc062723c751e8b465ee728b)  -> (artifact id: 'b0fc5cbccd1d9ad4d0b208672b959828') in 0.015611 seconds 
  Import took 0.020754 seconds .

========================================================================
Received Import Request.
  Time since last request: 0.000277 seconds.
  path: Assets/A_PIONNER/lighthouse_light_0000_2.png
  artifactKey: Guid(abb5c1ac444e13f4e87b550378599c1b) Importer(815301076,1909f56bfc062723c751e8b465ee728b)
Start importing Assets/A_PIONNER/lighthouse_light_0000_2.png using Guid(abb5c1ac444e13f4e87b550378599c1b) Importer(815301076,1909f56bfc062723c751e8b465ee728b)  -> (artifact id: '875f2e5ff40fe6465c9978b8a5ceca23') in 0.015773 seconds 
  Import took 0.042585 seconds .

========================================================================
Received Import Request.
  Time since last request: 0.000282 seconds.
  path: Assets/A_PIONNER/Sprite_Shafts_2.png
  artifactKey: Guid(8fa09a8c75799324882bb5e2baaeb0a9) Importer(815301076,1909f56bfc062723c751e8b465ee728b)
Start importing Assets/A_PIONNER/Sprite_Shafts_2.png using Guid(8fa09a8c75799324882bb5e2baaeb0a9) Importer(815301076,1909f56bfc062723c751e8b465ee728b)  -> (artifact id: 'd86d4b27af76e24d558ba31e06ff36b7') in 0.076616 seconds 
  Import took 0.081209 seconds .

========================================================================
Received Import Request.
  Time since last request: 0.000259 seconds.
  path: Assets/A_PIONNER/Sprite_Sky_Gradient.png
  artifactKey: Guid(a78512384e9ce854c956d32574caeb03) Importer(815301076,1909f56bfc062723c751e8b465ee728b)
Start importing Assets/A_PIONNER/Sprite_Sky_Gradient.png using Guid(a78512384e9ce854c956d32574caeb03) Importer(815301076,1909f56bfc062723c751e8b465ee728b)  -> (artifact id: '97636294e255235f182319174f4d67a0') in 0.014128 seconds 
  Import took 0.018796 seconds .

========================================================================
Received Import Request.
  Time since last request: 0.000276 seconds.
  path: Assets/A_PIONNER/DistantMount(tilable).png
  artifactKey: Guid(b99803a8740ffcf448bb8ea4c50bdc01) Importer(815301076,1909f56bfc062723c751e8b465ee728b)
Start importing Assets/A_PIONNER/DistantMount(tilable).png using Guid(b99803a8740ffcf448bb8ea4c50bdc01) Importer(815301076,1909f56bfc062723c751e8b465ee728b)  -> (artifact id: '18c2efb42cd35ac2757c50456242e332') in 0.014961 seconds 
  Import took 0.019700 seconds .

========================================================================
Received Import Request.
  Time since last request: 0.000294 seconds.
  path: Assets/A_PIONNER/Sprite_Stars.png
  artifactKey: Guid(d11fa5e312d2cc4419c5fce1a22da0f0) Importer(815301076,1909f56bfc062723c751e8b465ee728b)
Start importing Assets/A_PIONNER/Sprite_Stars.png using Guid(d11fa5e312d2cc4419c5fce1a22da0f0) Importer(815301076,1909f56bfc062723c751e8b465ee728b)  -> (artifact id: '8981f6e3a95c29a61a0aadf004fa6705') in 0.019025 seconds 
  Import took 0.023730 seconds .

========================================================================
Received Import Request.
  Time since last request: 0.000304 seconds.
  path: Assets/A_PIONNER/Sprite_Soft_1.png
  artifactKey: Guid(cfeb8788b983b774d9a318f5597191c9) Importer(815301076,1909f56bfc062723c751e8b465ee728b)
Start importing Assets/A_PIONNER/Sprite_Soft_1.png using Guid(cfeb8788b983b774d9a318f5597191c9) Importer(815301076,1909f56bfc062723c751e8b465ee728b)  -> (artifact id: 'cf6086e7af20214ad00d56b4aeb4818b') in 0.018534 seconds 
  Import took 0.023836 seconds .

========================================================================
Received Import Request.
  Time since last request: 0.000282 seconds.
  path: Assets/A_PIONNER/rays_3_evenMoreBlurred.png
  artifactKey: Guid(b2687bb4d4f5215409674ec0c6353223) Importer(815301076,1909f56bfc062723c751e8b465ee728b)
Start importing Assets/A_PIONNER/rays_3_evenMoreBlurred.png using Guid(b2687bb4d4f5215409674ec0c6353223) Importer(815301076,1909f56bfc062723c751e8b465ee728b)  -> (artifact id: 'e9b89f09077cc260c696e90114b40bbd') in 0.013855 seconds 
  Import took 0.018565 seconds .

========================================================================
Received Import Request.
  Time since last request: 0.000275 seconds.
  path: Assets/A_PIONNER/Враг_1.prefab
  artifactKey: Guid(fcb6822ab3513094aa825ac88508905d) Importer(815301076,1909f56bfc062723c751e8b465ee728b)
Start importing Assets/A_PIONNER/Враг_1.prefab using Guid(fcb6822ab3513094aa825ac88508905d) Importer(815301076,1909f56bfc062723c751e8b465ee728b)  -> (artifact id: '8f8ebd03566d0bb443c7d401aaa52a18') in 0.310478 seconds 
  Import took 0.315872 seconds .

========================================================================
Received Import Request.
  Time since last request: 0.000313 seconds.
  path: Assets/A_PIONNER/Mist.png
  artifactKey: Guid(ea3704e8e00b81e4c9e7ea2d129886bc) Importer(815301076,1909f56bfc062723c751e8b465ee728b)
Start importing Assets/A_PIONNER/Mist.png using Guid(ea3704e8e00b81e4c9e7ea2d129886bc) Importer(815301076,1909f56bfc062723c751e8b465ee728b)  -> (artifact id: 'e4a645a8df6b779364bcbbe7e20eddfc') in 0.014710 seconds 
  Import took 0.019229 seconds .

========================================================================
Received Import Request.
  Time since last request: 0.000280 seconds.
  path: Assets/A_PIONNER
  artifactKey: Guid(39e300b465eb792499da280c54a1b85a) Importer(815301076,1909f56bfc062723c751e8b465ee728b)
Start importing Assets/A_PIONNER using Guid(39e300b465eb792499da280c54a1b85a) Importer(815301076,1909f56bfc062723c751e8b465ee728b)  -> (artifact id: '96d72c55b710c952e96ff3aaec0738cd') in 0.005395 seconds 
  Import took 0.010162 seconds .

========================================================================
Received Import Request.
  Time since last request: 0.000289 seconds.
  path: Assets/A_PIONNER/rays_1_slightyBlurred.png
  artifactKey: Guid(5040de9d4358e364a80ffefc4379a8e4) Importer(815301076,1909f56bfc062723c751e8b465ee728b)
Start importing Assets/A_PIONNER/rays_1_slightyBlurred.png using Guid(5040de9d4358e364a80ffefc4379a8e4) Importer(815301076,1909f56bfc062723c751e8b465ee728b)  -> (artifact id: '163981a5bff97574d3a62a53e88e4e29') in 0.015898 seconds 
  Import took 0.021010 seconds .

========================================================================
Received Import Request.
  Time since last request: 0.000287 seconds.
  path: Assets/A_PIONNER/A_SCENES!!!!
  artifactKey: Guid(861f1dcb7462c6d44a69a44bc9feb685) Importer(815301076,1909f56bfc062723c751e8b465ee728b)
Start importing Assets/A_PIONNER/A_SCENES!!!! using Guid(861f1dcb7462c6d44a69a44bc9feb685) Importer(815301076,1909f56bfc062723c751e8b465ee728b)  -> (artifact id: '3b0d125f6a7c1352f1c3da52e04b83eb') in 0.005785 seconds 
  Import took 0.010578 seconds .

========================================================================
Received Import Request.
  Time since last request: 0.000377 seconds.
  path: Assets/A_PIONNER/Spiderwebs.png
  artifactKey: Guid(231bde3c3428dda45a50f52a0aff83d2) Importer(815301076,1909f56bfc062723c751e8b465ee728b)
Start importing Assets/A_PIONNER/Spiderwebs.png using Guid(231bde3c3428dda45a50f52a0aff83d2) Importer(815301076,1909f56bfc062723c751e8b465ee728b)  -> (artifact id: '6f1c342f4b4a48537ad000a30448d47e') in 0.019169 seconds 
  Import took 0.023744 seconds .

========================================================================
Received Import Request.
  Time since last request: 0.000291 seconds.
  path: Assets/A_PIONNER/Sprite_Shafts_1.png
  artifactKey: Guid(d5a80eda031f5f24a8563070dc708294) Importer(815301076,1909f56bfc062723c751e8b465ee728b)
Start importing Assets/A_PIONNER/Sprite_Shafts_1.png using Guid(d5a80eda031f5f24a8563070dc708294) Importer(815301076,1909f56bfc062723c751e8b465ee728b)  -> (artifact id: 'd53ba6b52abe24d3ef0d17553be55a1e') in 0.023261 seconds 
  Import took 0.028475 seconds .

========================================================================
Received Import Request.
  Time since last request: 0.000275 seconds.
  path: Assets/A_PIONNER/ГЛАВНЫЙ ГЕРОЙ.prefab
  artifactKey: Guid(d0977ca7d59418642b6f3d7523be3ad2) Importer(815301076,1909f56bfc062723c751e8b465ee728b)
Start importing Assets/A_PIONNER/ГЛАВНЫЙ ГЕРОЙ.prefab using Guid(d0977ca7d59418642b6f3d7523be3ad2) Importer(815301076,1909f56bfc062723c751e8b465ee728b)  -> (artifact id: '9b45793e41510419e29b5c2eda9f89ec') in 0.447485 seconds 
  Import took 0.454764 seconds .

========================================================================
Received Import Request.
  Time since last request: 0.000292 seconds.
  path: Assets/A_PIONNER/A_SCENES!!!!/RetroForest PIONEER оригинал гг и кам 1.unity
  artifactKey: Guid(b21601604b3112f44906b5b56f6278a8) Importer(815301076,1909f56bfc062723c751e8b465ee728b)
Start importing Assets/A_PIONNER/A_SCENES!!!!/RetroForest PIONEER оригинал гг и кам 1.unity using Guid(b21601604b3112f44906b5b56f6278a8) Importer(815301076,1909f56bfc062723c751e8b465ee728b)  -> (artifact id: '81e46e6d16c5533e8e92c4c568df2fe3') in 0.005772 seconds 
  Import took 0.010897 seconds .

========================================================================
Received Import Request.
  Time since last request: 2.140026 seconds.
  path: Assets/A_PIONNER/A_SCENES!!!!/RetroForest PIONEER оригинал гг и кам.unity
  artifactKey: Guid(7c3d10a67eab7fe4da51a9ebc5424feb) Importer(815301076,1909f56bfc062723c751e8b465ee728b)
Start importing Assets/A_PIONNER/A_SCENES!!!!/RetroForest PIONEER оригинал гг и кам.unity using Guid(7c3d10a67eab7fe4da51a9ebc5424feb) Importer(815301076,1909f56bfc062723c751e8b465ee728b)  -> (artifact id: 'a11b4b5989d1033688945b0a443c4b96') in 0.006233 seconds 
  Import took 0.014840 seconds .

========================================================================
Received Import Request.
  Time since last request: 1.073275 seconds.
  path: Assets/A_PIONNER/A_SCENES!!!!/RetroForest с нуля.unity
  artifactKey: Guid(a0848525364f06943a3920b148fa07be) Importer(815301076,1909f56bfc062723c751e8b465ee728b)
Start importing Assets/A_PIONNER/A_SCENES!!!!/RetroForest с нуля.unity using Guid(a0848525364f06943a3920b148fa07be) Importer(815301076,1909f56bfc062723c751e8b465ee728b)  -> (artifact id: 'edcfb0221287bfc807f7262f550cb6d3') in 0.008007 seconds 
  Import took 0.013395 seconds .

========================================================================
Received Prepare
Registering precompiled user dll's ...
Registered in 0.007791 seconds.
Begin MonoManager ReloadAssembly
Native extension for LinuxStandalone target not found
Native extension for WindowsStandalone target not found
Native extension for OSXStandalone target not found
Native extension for WebGL target not found
Refreshing native plugins compatible for Editor in 3.03 ms, found 4 plugins.
Preloading 0 native plugins for Editor in 0.00 ms.
Mono: successfully reloaded assembly
- Completed reload, in  2.329 seconds
Domain Reload Profiling:
	ReloadAssembly (2329ms)
		BeginReloadAssembly (214ms)
			ExecutionOrderSort (0ms)
			DisableScriptedObjects (9ms)
			BackupInstance (0ms)
			ReleaseScriptingObjects (0ms)
			CreateAndSetChildDomain (74ms)
		EndReloadAssembly (2002ms)
			LoadAssemblies (191ms)
			RebuildTransferFunctionScriptingTraits (0ms)
			SetupTypeCache (716ms)
			ReleaseScriptCaches (3ms)
			RebuildScriptCaches (98ms)
			SetupLoadedEditorAssemblies (823ms)
				LogAssemblyErrors (0ms)
				InitializePlatformSupportModulesInManaged (18ms)
				SetLoadedEditorAssemblies (1ms)
				RefreshPlugins (3ms)
				BeforeProcessingInitializeOnLoad (146ms)
				ProcessInitializeOnLoadAttributes (627ms)
				ProcessInitializeOnLoadMethodAttributes (22ms)
				AfterProcessingInitializeOnLoad (5ms)
				EditorAssembliesLoaded (0ms)
			ExecutionOrderSort2 (0ms)
			AwakeInstancesAfterBackupRestoration (14ms)
Platform modules already initialized, skipping
Shader 'MoreMountains/MMRipple': fallback shader 'Particle/AlphaBlended' not found
Refreshing native plugins compatible for Editor in 1.78 ms, found 4 plugins.
Preloading 0 native plugins for Editor in 0.00 ms.
Unloading 2768 Unused Serialized files (Serialized files now loaded: 0)
System memory in use before: 191.3 MB.
System memory in use after: 191.5 MB.

Unloading 67 unused Assets to reduce memory usage. Loaded Objects now: 3254.
Total: 5.399800 ms (FindLiveObjects: 0.305100 ms CreateObjectMapping: 0.163400 ms MarkObjects: 4.881400 ms  DeleteObjects: 0.048100 ms)

AssetImportParameters requested are different than current active one (requested -> active):
  custom:framework-win-MediaFoundation: 216162199b28c13a410421893ffa2e32 -> 
  custom:video-decoder-ogg-theora: a1e56fd34408186e4bbccfd4996cb3dc -> 
  custom:container-muxer-webm: aa71ff27fc2769a1b78a27578f13a17b -> 
  custom:container-demuxer-webm: 4f35f7cbe854078d1ac9338744f61a02 -> 
  custom:container-demuxer-ogg: 62fdf1f143b41e24485cea50d1cbac27 -> 
  custom:video-encoder-webm-vp8: eb34c28f22e8b96e1ab97ce403110664 -> 
  custom:video-decoder-webm-vp8: 9c59270c3fd7afecdb556c50c9e8de78 -> 
  custom:audio-decoder-ogg-vorbis: bf7c407c2cedff20999df2af8eb42d56 -> 
  custom:audio-encoder-webm-vorbis: bf7c407c2cedff20999df2af8eb42d56 -> 
========================================================================
Received Prepare
Registering precompiled user dll's ...
Registered in 0.005364 seconds.
Begin MonoManager ReloadAssembly
Native extension for LinuxStandalone target not found
Native extension for WindowsStandalone target not found
Native extension for OSXStandalone target not found
Native extension for WebGL target not found
Refreshing native plugins compatible for Editor in 2.57 ms, found 4 plugins.
Preloading 0 native plugins for Editor in 0.00 ms.
Mono: successfully reloaded assembly
- Completed reload, in  2.405 seconds
Domain Reload Profiling:
	ReloadAssembly (2405ms)
		BeginReloadAssembly (174ms)
			ExecutionOrderSort (0ms)
			DisableScriptedObjects (6ms)
			BackupInstance (0ms)
			ReleaseScriptingObjects (0ms)
			CreateAndSetChildDomain (57ms)
		EndReloadAssembly (2129ms)
			LoadAssemblies (185ms)
			RebuildTransferFunctionScriptingTraits (1ms)
			SetupTypeCache (593ms)
			ReleaseScriptCaches (3ms)
			RebuildScriptCaches (90ms)
			SetupLoadedEditorAssemblies (1081ms)
				LogAssemblyErrors (0ms)
				InitializePlatformSupportModulesInManaged (13ms)
				SetLoadedEditorAssemblies (1ms)
				RefreshPlugins (3ms)
				BeforeProcessingInitializeOnLoad (177ms)
				ProcessInitializeOnLoadAttributes (852ms)
				ProcessInitializeOnLoadMethodAttributes (31ms)
				AfterProcessingInitializeOnLoad (4ms)
				EditorAssembliesLoaded (1ms)
			ExecutionOrderSort2 (0ms)
			AwakeInstancesAfterBackupRestoration (20ms)
Platform modules already initialized, skipping
Shader 'MoreMountains/MMRipple': fallback shader 'Particle/AlphaBlended' not found
Refreshing native plugins compatible for Editor in 2.07 ms, found 4 plugins.
Preloading 0 native plugins for Editor in 0.00 ms.
Unloading 2768 Unused Serialized files (Serialized files now loaded: 0)
System memory in use before: 191.4 MB.
System memory in use after: 191.6 MB.

Unloading 67 unused Assets to reduce memory usage. Loaded Objects now: 3256.
Total: 7.714700 ms (FindLiveObjects: 2.175900 ms CreateObjectMapping: 1.240900 ms MarkObjects: 4.262300 ms  DeleteObjects: 0.033900 ms)

AssetImportParameters requested are different than current active one (requested -> active):
  custom:framework-win-MediaFoundation: 216162199b28c13a410421893ffa2e32 -> 
  custom:video-decoder-ogg-theora: a1e56fd34408186e4bbccfd4996cb3dc -> 
  custom:container-muxer-webm: aa71ff27fc2769a1b78a27578f13a17b -> 
  custom:container-demuxer-webm: 4f35f7cbe854078d1ac9338744f61a02 -> 
  custom:container-demuxer-ogg: 62fdf1f143b41e24485cea50d1cbac27 -> 
  custom:video-encoder-webm-vp8: eb34c28f22e8b96e1ab97ce403110664 -> 
  custom:video-decoder-webm-vp8: 9c59270c3fd7afecdb556c50c9e8de78 -> 
  custom:audio-decoder-ogg-vorbis: bf7c407c2cedff20999df2af8eb42d56 -> 
  custom:audio-encoder-webm-vorbis: bf7c407c2cedff20999df2af8eb42d56 -> 
========================================================================
Received Prepare
Registering precompiled user dll's ...
Registered in 0.007958 seconds.
Begin MonoManager ReloadAssembly
Native extension for LinuxStandalone target not found
Native extension for WindowsStandalone target not found
Native extension for OSXStandalone target not found
Native extension for WebGL target not found
Refreshing native plugins compatible for Editor in 1.56 ms, found 4 plugins.
Preloading 0 native plugins for Editor in 0.00 ms.
Mono: successfully reloaded assembly
- Completed reload, in  1.956 seconds
Domain Reload Profiling:
	ReloadAssembly (1956ms)
		BeginReloadAssembly (180ms)
			ExecutionOrderSort (0ms)
			DisableScriptedObjects (12ms)
			BackupInstance (0ms)
			ReleaseScriptingObjects (0ms)
			CreateAndSetChildDomain (61ms)
		EndReloadAssembly (1672ms)
			LoadAssemblies (152ms)
			RebuildTransferFunctionScriptingTraits (0ms)
			SetupTypeCache (609ms)
			ReleaseScriptCaches (1ms)
			RebuildScriptCaches (79ms)
			SetupLoadedEditorAssemblies (664ms)
				LogAssemblyErrors (0ms)
				InitializePlatformSupportModulesInManaged (13ms)
				SetLoadedEditorAssemblies (1ms)
				RefreshPlugins (2ms)
				BeforeProcessingInitializeOnLoad (129ms)
				ProcessInitializeOnLoadAttributes (499ms)
				ProcessInitializeOnLoadMethodAttributes (17ms)
				AfterProcessingInitializeOnLoad (3ms)
				EditorAssembliesLoaded (0ms)
			ExecutionOrderSort2 (0ms)
			AwakeInstancesAfterBackupRestoration (12ms)
Platform modules already initialized, skipping
Shader 'MoreMountains/MMRipple': fallback shader 'Particle/AlphaBlended' not found
Refreshing native plugins compatible for Editor in 1.83 ms, found 4 plugins.
Preloading 0 native plugins for Editor in 0.00 ms.
Unloading 2768 Unused Serialized files (Serialized files now loaded: 0)
System memory in use before: 191.4 MB.
System memory in use after: 191.6 MB.

Unloading 67 unused Assets to reduce memory usage. Loaded Objects now: 3258.
Total: 5.909100 ms (FindLiveObjects: 0.612000 ms CreateObjectMapping: 0.326700 ms MarkObjects: 4.780200 ms  DeleteObjects: 0.187900 ms)

AssetImportParameters requested are different than current active one (requested -> active):
  custom:framework-win-MediaFoundation: 216162199b28c13a410421893ffa2e32 -> 
  custom:video-decoder-ogg-theora: a1e56fd34408186e4bbccfd4996cb3dc -> 
  custom:container-muxer-webm: aa71ff27fc2769a1b78a27578f13a17b -> 
  custom:container-demuxer-webm: 4f35f7cbe854078d1ac9338744f61a02 -> 
  custom:container-demuxer-ogg: 62fdf1f143b41e24485cea50d1cbac27 -> 
  custom:video-encoder-webm-vp8: eb34c28f22e8b96e1ab97ce403110664 -> 
  custom:video-decoder-webm-vp8: 9c59270c3fd7afecdb556c50c9e8de78 -> 
  custom:audio-decoder-ogg-vorbis: bf7c407c2cedff20999df2af8eb42d56 -> 
  custom:audio-encoder-webm-vorbis: bf7c407c2cedff20999df2af8eb42d56 -> 
========================================================================
Received Prepare
Registering precompiled user dll's ...
Registered in 0.007533 seconds.
Begin MonoManager ReloadAssembly
Native extension for LinuxStandalone target not found
Native extension for WindowsStandalone target not found
Native extension for OSXStandalone target not found
Native extension for WebGL target not found
Refreshing native plugins compatible for Editor in 1.55 ms, found 4 plugins.
Preloading 0 native plugins for Editor in 0.00 ms.
Mono: successfully reloaded assembly
- Completed reload, in  1.643 seconds
Domain Reload Profiling:
	ReloadAssembly (1643ms)
		BeginReloadAssembly (148ms)
			ExecutionOrderSort (0ms)
			DisableScriptedObjects (12ms)
			BackupInstance (0ms)
			ReleaseScriptingObjects (0ms)
			CreateAndSetChildDomain (51ms)
		EndReloadAssembly (1408ms)
			LoadAssemblies (121ms)
			RebuildTransferFunctionScriptingTraits (0ms)
			SetupTypeCache (502ms)
			ReleaseScriptCaches (1ms)
			RebuildScriptCaches (65ms)
			SetupLoadedEditorAssemblies (572ms)
				LogAssemblyErrors (0ms)
				InitializePlatformSupportModulesInManaged (9ms)
				SetLoadedEditorAssemblies (1ms)
				RefreshPlugins (2ms)
				BeforeProcessingInitializeOnLoad (119ms)
				ProcessInitializeOnLoadAttributes (422ms)
				ProcessInitializeOnLoadMethodAttributes (16ms)
				AfterProcessingInitializeOnLoad (4ms)
				EditorAssembliesLoaded (0ms)
			ExecutionOrderSort2 (0ms)
			AwakeInstancesAfterBackupRestoration (9ms)
Platform modules already initialized, skipping
Shader 'MoreMountains/MMRipple': fallback shader 'Particle/AlphaBlended' not found
Refreshing native plugins compatible for Editor in 2.55 ms, found 4 plugins.
Preloading 0 native plugins for Editor in 0.00 ms.
Unloading 2768 Unused Serialized files (Serialized files now loaded: 0)
System memory in use before: 191.4 MB.
System memory in use after: 191.6 MB.

Unloading 67 unused Assets to reduce memory usage. Loaded Objects now: 3260.
Total: 4.613800 ms (FindLiveObjects: 0.409000 ms CreateObjectMapping: 0.373300 ms MarkObjects: 3.793700 ms  DeleteObjects: 0.035900 ms)

AssetImportParameters requested are different than current active one (requested -> active):
  custom:framework-win-MediaFoundation: 216162199b28c13a410421893ffa2e32 -> 
  custom:video-decoder-ogg-theora: a1e56fd34408186e4bbccfd4996cb3dc -> 
  custom:container-muxer-webm: aa71ff27fc2769a1b78a27578f13a17b -> 
  custom:container-demuxer-webm: 4f35f7cbe854078d1ac9338744f61a02 -> 
  custom:container-demuxer-ogg: 62fdf1f143b41e24485cea50d1cbac27 -> 
  custom:video-encoder-webm-vp8: eb34c28f22e8b96e1ab97ce403110664 -> 
  custom:video-decoder-webm-vp8: 9c59270c3fd7afecdb556c50c9e8de78 -> 
  custom:audio-decoder-ogg-vorbis: bf7c407c2cedff20999df2af8eb42d56 -> 
  custom:audio-encoder-webm-vorbis: bf7c407c2cedff20999df2af8eb42d56 -> 
========================================================================
Received Prepare
Registering precompiled user dll's ...
Registered in 0.009785 seconds.
Begin MonoManager ReloadAssembly
Native extension for LinuxStandalone target not found
Native extension for WindowsStandalone target not found
Native extension for OSXStandalone target not found
Native extension for WebGL target not found
Refreshing native plugins compatible for Editor in 1.59 ms, found 4 plugins.
Preloading 0 native plugins for Editor in 0.00 ms.
Mono: successfully reloaded assembly
- Completed reload, in  1.982 seconds
Domain Reload Profiling:
	ReloadAssembly (1985ms)
		BeginReloadAssembly (181ms)
			ExecutionOrderSort (0ms)
			DisableScriptedObjects (10ms)
			BackupInstance (0ms)
			ReleaseScriptingObjects (0ms)
			CreateAndSetChildDomain (59ms)
		EndReloadAssembly (1702ms)
			LoadAssemblies (160ms)
			RebuildTransferFunctionScriptingTraits (0ms)
			SetupTypeCache (561ms)
			ReleaseScriptCaches (1ms)
			RebuildScriptCaches (88ms)
			SetupLoadedEditorAssemblies (701ms)
				LogAssemblyErrors (0ms)
				InitializePlatformSupportModulesInManaged (9ms)
				SetLoadedEditorAssemblies (1ms)
				RefreshPlugins (2ms)
				BeforeProcessingInitializeOnLoad (131ms)
				ProcessInitializeOnLoadAttributes (536ms)
				ProcessInitializeOnLoadMethodAttributes (19ms)
				AfterProcessingInitializeOnLoad (4ms)
				EditorAssembliesLoaded (0ms)
			ExecutionOrderSort2 (0ms)
			AwakeInstancesAfterBackupRestoration (10ms)
Platform modules already initialized, skipping
Shader 'MoreMountains/MMRipple': fallback shader 'Particle/AlphaBlended' not found
Refreshing native plugins compatible for Editor in 1.63 ms, found 4 plugins.
Preloading 0 native plugins for Editor in 0.00 ms.
Unloading 2768 Unused Serialized files (Serialized files now loaded: 0)
System memory in use before: 191.4 MB.
System memory in use after: 191.6 MB.

Unloading 67 unused Assets to reduce memory usage. Loaded Objects now: 3262.
Total: 7.782900 ms (FindLiveObjects: 0.390700 ms CreateObjectMapping: 0.369300 ms MarkObjects: 6.979600 ms  DeleteObjects: 0.040600 ms)

AssetImportParameters requested are different than current active one (requested -> active):
  custom:framework-win-MediaFoundation: 216162199b28c13a410421893ffa2e32 -> 
  custom:video-decoder-ogg-theora: a1e56fd34408186e4bbccfd4996cb3dc -> 
  custom:container-muxer-webm: aa71ff27fc2769a1b78a27578f13a17b -> 
  custom:container-demuxer-webm: 4f35f7cbe854078d1ac9338744f61a02 -> 
  custom:container-demuxer-ogg: 62fdf1f143b41e24485cea50d1cbac27 -> 
  custom:video-encoder-webm-vp8: eb34c28f22e8b96e1ab97ce403110664 -> 
  custom:video-decoder-webm-vp8: 9c59270c3fd7afecdb556c50c9e8de78 -> 
  custom:audio-decoder-ogg-vorbis: bf7c407c2cedff20999df2af8eb42d56 -> 
  custom:audio-encoder-webm-vorbis: bf7c407c2cedff20999df2af8eb42d56 -> 
========================================================================
Received Import Request.
  Time since last request: 935.718924 seconds.
  path: Assets/CorgiEngine/Demos
  artifactKey: Guid(e0b3bcbd0e5ecfe41b46cdf2e0d2d6e6) Importer(815301076,1909f56bfc062723c751e8b465ee728b)
Start importing Assets/CorgiEngine/Demos using Guid(e0b3bcbd0e5ecfe41b46cdf2e0d2d6e6) Importer(815301076,1909f56bfc062723c751e8b465ee728b)  -> (artifact id: '61132637422ebbfc42e4d903846591cb') in 0.011339 seconds 
  Import took 0.019342 seconds .

========================================================================
Received Import Request.
  Time since last request: 0.049561 seconds.
  path: Assets/CorgiEngine/Demos/MoreMountains.CorgiEngine.Demos.asmdef
  artifactKey: Guid(a53229eb3b42247488d34537bb95c260) Importer(815301076,1909f56bfc062723c751e8b465ee728b)
Start importing Assets/CorgiEngine/Demos/MoreMountains.CorgiEngine.Demos.asmdef using Guid(a53229eb3b42247488d34537bb95c260) Importer(815301076,1909f56bfc062723c751e8b465ee728b)  -> (artifact id: '69be0144085fdb2e21cb19e122857bbf') in 0.009444 seconds 
  Import took 0.017865 seconds .

========================================================================
Received Import Request.
  Time since last request: 3.751106 seconds.
  path: Assets/CorgiEngine/Demos/Retro
  artifactKey: Guid(4029527572b5d4500aeb44d8ea768f69) Importer(815301076,1909f56bfc062723c751e8b465ee728b)
Start importing Assets/CorgiEngine/Demos/Retro using Guid(4029527572b5d4500aeb44d8ea768f69) Importer(815301076,1909f56bfc062723c751e8b465ee728b)  -> (artifact id: 'fc20b49822dc10dcf4de583a33855d36') in 0.006990 seconds 
  Import took 0.014731 seconds .

========================================================================
Received Import Request.
  Time since last request: 0.077182 seconds.
  path: Assets/CorgiEngine/Demos/Retro/InputManager 1.preset
  artifactKey: Guid(836b55ab4598b5748a81b4c05daf2ed6) Importer(815301076,1909f56bfc062723c751e8b465ee728b)
Start importing Assets/CorgiEngine/Demos/Retro/InputManager 1.preset using Guid(836b55ab4598b5748a81b4c05daf2ed6) Importer(815301076,1909f56bfc062723c751e8b465ee728b)  -> (artifact id: '4555eead8ebb9effce40cfaeebde7ea6') in 0.247841 seconds 
  Import took 0.252774 seconds .

========================================================================
Received Import Request.
  Time since last request: 0.000302 seconds.
  path: Assets/CorgiEngine/Demos/Retro/InputManager.preset
  artifactKey: Guid(057a4302c01d0854995c98c443ae67fa) Importer(815301076,1909f56bfc062723c751e8b465ee728b)
Start importing Assets/CorgiEngine/Demos/Retro/InputManager.preset using Guid(057a4302c01d0854995c98c443ae67fa) Importer(815301076,1909f56bfc062723c751e8b465ee728b)  -> (artifact id: '37ef54196735cf09b10ad09ea09bf657') in 0.257316 seconds 
  Import took 0.262751 seconds .

========================================================================
Received Import Request.
  Time since last request: 5.794803 seconds.
  path: Assets/CorgiEngine/Demos/Retro/RetroClouds.unity
  artifactKey: Guid(7f88f9618b30a48dd84ec6896516d345) Importer(815301076,1909f56bfc062723c751e8b465ee728b)
Start importing Assets/CorgiEngine/Demos/Retro/RetroClouds.unity using Guid(7f88f9618b30a48dd84ec6896516d345) Importer(815301076,1909f56bfc062723c751e8b465ee728b)  -> (artifact id: '7aa7b3669a54e647f24517e836013931') in 0.008293 seconds 
  Import took 0.022292 seconds .

========================================================================
Received Import Request.
  Time since last request: 3.101612 seconds.
  path: Assets/CorgiEngine/Demos/Retro/RetroCopter.unity
  artifactKey: Guid(9fe3f55d8fbc69e498173731635e42f5) Importer(815301076,1909f56bfc062723c751e8b465ee728b)
Start importing Assets/CorgiEngine/Demos/Retro/RetroCopter.unity using Guid(9fe3f55d8fbc69e498173731635e42f5) Importer(815301076,1909f56bfc062723c751e8b465ee728b)  -> (artifact id: '7904469a252355e8d1803228055daf7a') in 0.007451 seconds 
  Import took 0.022058 seconds .

========================================================================
Received Import Request.
  Time since last request: 1.016731 seconds.
  path: Assets/CorgiEngine/Demos/Retro/RetroMountains.unity
  artifactKey: Guid(e2fd718f497d2408ea6a1661ea861316) Importer(815301076,1909f56bfc062723c751e8b465ee728b)
Start importing Assets/CorgiEngine/Demos/Retro/RetroMountains.unity using Guid(e2fd718f497d2408ea6a1661ea861316) Importer(815301076,1909f56bfc062723c751e8b465ee728b)  -> (artifact id: '2197b08da50b432ba64f9b82fe8fc88f') in 0.010740 seconds 
  Import took 0.019052 seconds .

========================================================================
Received Import Request.
  Time since last request: 2.677701 seconds.
  path: Assets/CorgiEngine/Demos/Retro/RetroVania.unity
  artifactKey: Guid(283c53fb6e78f594580ce1b6cc9db42e) Importer(815301076,1909f56bfc062723c751e8b465ee728b)
Start importing Assets/CorgiEngine/Demos/Retro/RetroVania.unity using Guid(283c53fb6e78f594580ce1b6cc9db42e) Importer(815301076,1909f56bfc062723c751e8b465ee728b)  -> (artifact id: '3486606b00444e627f31db46023f375c') in 0.008158 seconds 
  Import took 0.015146 seconds .

========================================================================
Received Prepare
Registering precompiled user dll's ...
Registered in 0.007153 seconds.
Begin MonoManager ReloadAssembly
Native extension for LinuxStandalone target not found
Native extension for WindowsStandalone target not found
Native extension for OSXStandalone target not found
Native extension for WebGL target not found
Refreshing native plugins compatible for Editor in 9.15 ms, found 4 plugins.
Preloading 0 native plugins for Editor in 0.00 ms.
Mono: successfully reloaded assembly
- Completed reload, in  2.023 seconds
Domain Reload Profiling:
	ReloadAssembly (2024ms)
		BeginReloadAssembly (251ms)
			ExecutionOrderSort (0ms)
			DisableScriptedObjects (15ms)
			BackupInstance (0ms)
			ReleaseScriptingObjects (0ms)
			CreateAndSetChildDomain (104ms)
		EndReloadAssembly (1692ms)
			LoadAssemblies (194ms)
			RebuildTransferFunctionScriptingTraits (0ms)
			SetupTypeCache (589ms)
			ReleaseScriptCaches (1ms)
			RebuildScriptCaches (70ms)
			SetupLoadedEditorAssemblies (712ms)
				LogAssemblyErrors (0ms)
				InitializePlatformSupportModulesInManaged (16ms)
				SetLoadedEditorAssemblies (1ms)
				RefreshPlugins (9ms)
				BeforeProcessingInitializeOnLoad (164ms)
				ProcessInitializeOnLoadAttributes (507ms)
				ProcessInitializeOnLoadMethodAttributes (13ms)
				AfterProcessingInitializeOnLoad (2ms)
				EditorAssembliesLoaded (0ms)
			ExecutionOrderSort2 (0ms)
			AwakeInstancesAfterBackupRestoration (11ms)
Platform modules already initialized, skipping
Shader 'MoreMountains/MMRipple': fallback shader 'Particle/AlphaBlended' not found
Refreshing native plugins compatible for Editor in 1.38 ms, found 4 plugins.
Preloading 0 native plugins for Editor in 0.00 ms.
Unloading 2768 Unused Serialized files (Serialized files now loaded: 0)
System memory in use before: 191.5 MB.
System memory in use after: 191.7 MB.

Unloading 67 unused Assets to reduce memory usage. Loaded Objects now: 3264.
Total: 11.098100 ms (FindLiveObjects: 0.864900 ms CreateObjectMapping: 0.217400 ms MarkObjects: 9.960900 ms  DeleteObjects: 0.051900 ms)

AssetImportParameters requested are different than current active one (requested -> active):
  custom:framework-win-MediaFoundation: 216162199b28c13a410421893ffa2e32 -> 
  custom:video-decoder-ogg-theora: a1e56fd34408186e4bbccfd4996cb3dc -> 
  custom:container-muxer-webm: aa71ff27fc2769a1b78a27578f13a17b -> 
  custom:container-demuxer-webm: 4f35f7cbe854078d1ac9338744f61a02 -> 
  custom:container-demuxer-ogg: 62fdf1f143b41e24485cea50d1cbac27 -> 
  custom:video-encoder-webm-vp8: eb34c28f22e8b96e1ab97ce403110664 -> 
  custom:video-decoder-webm-vp8: 9c59270c3fd7afecdb556c50c9e8de78 -> 
  custom:audio-decoder-ogg-vorbis: bf7c407c2cedff20999df2af8eb42d56 -> 
  custom:audio-encoder-webm-vorbis: bf7c407c2cedff20999df2af8eb42d56 -> 
AssetImportWorkerClient::OnTransportError - code=2 error=End of file
